<?xml version="1.0" encoding="utf-8"?><testsuites><testsuite name="pytest" errors="0" failures="0" skipped="0" tests="33" time="10.011" timestamp="2024-10-07T15:48:09.509553+02:00" hostname="fv-az732-52"><testcase classname="app.tests.ApplicationTestCase" name="test_app_call_command_status_update" time="2.148" /><testcase classname="app.tests.ApplicationTestCase" name="test_app_call_command_status_update_no_email" time="0.833" /><testcase classname="app.tests.ApplicationTestCase" name="test_app_call_command_status_update_not_sent_twice" time="0.830" /><testcase classname="app.tests.ApplicationTestCase" name="test_app_call_command_truncate_metrics" time="0.036" /><testcase classname="app.tests.ApplicationTestCase" name="test_app_get_absolute_uri" time="0.028" /><testcase classname="app.tests.ApplicationTestCase" name="test_app_get_absolute_url" time="0.027" /><testcase classname="app.tests.ApplicationTestCase" name="test_app_get_health_check_data" time="0.108" /><testcase classname="app.tests.ApplicationTestCase" name="test_app_get_http_status_200" time="0.048" /><testcase classname="app.tests.ApplicationTestCase" name="test_app_get_http_status_404" time="0.810" /><testcase classname="app.tests.ApplicationTestCase" name="test_app_metric_days_in_hours" time="0.028" /><testcase classname="app.tests.ApplicationTestCase" name="test_app_str" time="0.028" /><testcase classname="app.tests.ApplicationTestCase" name="test_app_update_status" time="0.045" /><testcase classname="app.tests.ApplicationTestCase" name="test_application_detail" time="0.277" /><testcase classname="app.tests.ApplicationTestCase" name="test_application_immedeate_update_view" time="0.051" /><testcase classname="app.tests.ApplicationTestCase" name="test_application_list" time="0.086" /><testcase classname="app.tests.ApplicationTestCase" name="test_health_check_color_danger" time="0.030" /><testcase classname="app.tests.ApplicationTestCase" name="test_health_check_color_success" time="0.027" /><testcase classname="app.tests.ApplicationTestCase" name="test_http_status_color_danger" time="0.027" /><testcase classname="app.tests.ApplicationTestCase" name="test_http_status_color_success" time="0.027" /><testcase classname="app.tests.ApplicationTestCase" name="test_is_due_10" time="0.030" /><testcase classname="app.tests.ApplicationTestCase" name="test_is_due_15" time="0.028" /><testcase classname="app.tests.ApplicationTestCase" name="test_is_due_5" time="0.028" /><testcase classname="app.tests.ApplicationTestCase" name="test_is_working_false_health_check" time="0.029" /><testcase classname="app.tests.ApplicationTestCase" name="test_is_working_false_http_status" time="0.029" /><testcase classname="app.tests.ApplicationTestCase" name="test_is_working_true" time="0.029" /><testcase classname="app.tests.ApplicationTestCase" name="test_label_filter" time="0.028" /><testcase classname="app_monitor.tests.AppMonitorTestCase" name="test_get_client_ip" time="0.026" /><testcase classname="frontend_auth.tests.FrontendAuthTest" name="test_password_change" time="1.117" /><testcase classname="frontend_auth.tests.FrontendAuthTest" name="test_password_reset" time="0.793" /><testcase classname="frontend_auth.tests.FrontendAuthTest" name="test_user_login" time="0.550" /><testcase classname="frontend_auth.tests.FrontendAuthTest" name="test_user_login_next" time="0.550" /><testcase classname="frontend_auth.tests.FrontendAuthTest" name="test_user_login_with_email" time="0.539" /><testcase classname="frontend_auth.tests.FrontendAuthTest" name="test_user_logout" time="0.285" /></testsuite></testsuites>