<?xml version="1.0" encoding="utf-8"?><testsuites><testsuite name="pytest" errors="0" failures="0" skipped="0" tests="33" time="10.146" timestamp="2024-10-07T15:40:16.445075+02:00" hostname="fv-az1245-232"><testcase classname="app.tests.ApplicationTestCase" name="test_app_call_command_status_update" time="2.155" /><testcase classname="app.tests.ApplicationTestCase" name="test_app_call_command_status_update_no_email" time="1.009" /><testcase classname="app.tests.ApplicationTestCase" name="test_app_call_command_status_update_not_sent_twice" time="0.892" /><testcase classname="app.tests.ApplicationTestCase" name="test_app_call_command_truncate_metrics" time="0.037" /><testcase classname="app.tests.ApplicationTestCase" name="test_app_get_absolute_uri" time="0.027" /><testcase classname="app.tests.ApplicationTestCase" name="test_app_get_absolute_url" time="0.028" /><testcase classname="app.tests.ApplicationTestCase" name="test_app_get_health_check_data" time="0.058" /><testcase classname="app.tests.ApplicationTestCase" name="test_app_get_http_status_200" time="0.042" /><testcase classname="app.tests.ApplicationTestCase" name="test_app_get_http_status_404" time="0.779" /><testcase classname="app.tests.ApplicationTestCase" name="test_app_metric_days_in_hours" time="0.028" /><testcase classname="app.tests.ApplicationTestCase" name="test_app_str" time="0.028" /><testcase classname="app.tests.ApplicationTestCase" name="test_app_update_status" time="0.044" /><testcase classname="app.tests.ApplicationTestCase" name="test_application_detail" time="0.266" /><testcase classname="app.tests.ApplicationTestCase" name="test_application_immedeate_update_view" time="0.050" /><testcase classname="app.tests.ApplicationTestCase" name="test_application_list" time="0.073" /><testcase classname="app.tests.ApplicationTestCase" name="test_health_check_color_danger" time="0.028" /><testcase classname="app.tests.ApplicationTestCase" name="test_health_check_color_success" time="0.027" /><testcase classname="app.tests.ApplicationTestCase" name="test_http_status_color_danger" time="0.028" /><testcase classname="app.tests.ApplicationTestCase" name="test_http_status_color_success" time="0.028" /><testcase classname="app.tests.ApplicationTestCase" name="test_is_due_10" time="0.031" /><testcase classname="app.tests.ApplicationTestCase" name="test_is_due_15" time="0.029" /><testcase classname="app.tests.ApplicationTestCase" name="test_is_due_5" time="0.028" /><testcase classname="app.tests.ApplicationTestCase" name="test_is_working_false_health_check" time="0.028" /><testcase classname="app.tests.ApplicationTestCase" name="test_is_working_false_http_status" time="0.029" /><testcase classname="app.tests.ApplicationTestCase" name="test_is_working_true" time="0.029" /><testcase classname="app.tests.ApplicationTestCase" name="test_label_filter" time="0.028" /><testcase classname="app_monitor.tests.AppMonitorTestCase" name="test_get_client_ip" time="0.028" /><testcase classname="frontend_auth.tests.FrontendAuthTest" name="test_password_change" time="1.114" /><testcase classname="frontend_auth.tests.FrontendAuthTest" name="test_password_reset" time="0.794" /><testcase classname="frontend_auth.tests.FrontendAuthTest" name="test_user_login" time="0.543" /><testcase classname="frontend_auth.tests.FrontendAuthTest" name="test_user_login_next" time="0.538" /><testcase classname="frontend_auth.tests.FrontendAuthTest" name="test_user_login_with_email" time="0.540" /><testcase classname="frontend_auth.tests.FrontendAuthTest" name="test_user_logout" time="0.285" /></testsuite></testsuites>